This file contains any messages produced by compilers while
running configure, to aid debugging if configure makes a mistake.

It was created by hsl_mi20 configure 2.0.0, which was
generated by GNU Autoconf 2.69.  Invocation command line was

  $ ./configure 

## --------- ##
## Platform. ##
## --------- ##

hostname = Ioanas-MacBook-Air.local
uname -m = arm64
uname -r = 20.6.0
uname -s = Darwin
uname -v = Darwin Kernel Version 20.6.0: Mon Aug 30 06:12:20 PDT 2021; root:xnu-7195.141.6~3/RELEASE_ARM64_T8101

/usr/bin/uname -p = arm
/bin/uname -X     = unknown

/bin/arch              = unknown
/usr/bin/arch -k       = unknown
/usr/convex/getsysinfo = unknown
/usr/bin/hostinfo      = Mach kernel version:
	 Darwin Kernel Version 20.6.0: Mon Aug 30 06:12:20 PDT 2021; root:xnu-7195.141.6~3/RELEASE_ARM64_T8101
Kernel configured for up to 8 processors.
8 processors are physically available.
8 processors are logically available.
Processor type: arm64e (ARM64E)
Processors active: 0 1 2 3 4 5 6 7
Primary memory available: 16.00 gigabytes
Default processor set: 372 tasks, 2883 threads, 8 processors
Load average: 1.36, Mach factor: 6.63
/bin/machine           = unknown
/usr/bin/oslevel       = unknown
/bin/universe          = unknown

PATH: /Applications/anaconda3/bin
PATH: /Applications/anaconda3/condabin
PATH: /usr/local/bin
PATH: /usr/bin
PATH: /bin
PATH: /usr/sbin
PATH: /sbin
PATH: /Library/TeX/texbin


## ----------- ##
## Core tests. ##
## ----------- ##

configure:2069: checking for a BSD-compatible install
configure:2137: result: /usr/bin/install -c
configure:2148: checking whether build environment is sane
configure:2203: result: yes
configure:2354: checking for a thread-safe mkdir -p
configure:2393: result: ./install-sh -c -d
configure:2400: checking for gawk
configure:2430: result: no
configure:2400: checking for mawk
configure:2430: result: no
configure:2400: checking for nawk
configure:2430: result: no
configure:2400: checking for awk
configure:2416: found /usr/bin/awk
configure:2427: result: awk
configure:2438: checking whether make sets $(MAKE)
configure:2460: result: yes
configure:2489: checking whether make supports nested variables
configure:2506: result: yes
configure:2686: checking for g77
configure:2716: result: no
configure:2686: checking for xlf
configure:2716: result: no
configure:2686: checking for f77
configure:2716: result: no
configure:2686: checking for frt
configure:2716: result: no
configure:2686: checking for pgf77
configure:2716: result: no
configure:2686: checking for cf77
configure:2716: result: no
configure:2686: checking for fort77
configure:2716: result: no
configure:2686: checking for fl32
configure:2716: result: no
configure:2686: checking for af77
configure:2716: result: no
configure:2686: checking for xlf90
configure:2716: result: no
configure:2686: checking for f90
configure:2716: result: no
configure:2686: checking for pgf90
configure:2716: result: no
configure:2686: checking for pghpf
configure:2716: result: no
configure:2686: checking for epcf90
configure:2716: result: no
configure:2686: checking for gfortran
configure:2716: result: no
configure:2686: checking for g95
configure:2716: result: no
configure:2686: checking for xlf95
configure:2716: result: no
configure:2686: checking for f95
configure:2716: result: no
configure:2686: checking for fort
configure:2716: result: no
configure:2686: checking for ifort
configure:2716: result: no
configure:2686: checking for ifc
configure:2716: result: no
configure:2686: checking for efc
configure:2716: result: no
configure:2686: checking for pgfortran
configure:2716: result: no
configure:2686: checking for pgf95
configure:2716: result: no
configure:2686: checking for lf95
configure:2716: result: no
configure:2686: checking for ftn
configure:2716: result: no
configure:2686: checking for nagfor
configure:2716: result: no
configure:2739: checking for Fortran 77 compiler version
configure:2748:  --version >&5
./configure: line 2750: --version: command not found
configure:2759: $? = 127
configure:2748:  -v >&5
./configure: line 2750: -v: command not found
configure:2759: $? = 127
configure:2748:  -V >&5
./configure: line 2750: -V: command not found
configure:2759: $? = 127
configure:2748:  -qversion >&5
./configure: line 2750: -qversion: command not found
configure:2759: $? = 127
configure:2774: checking whether the Fortran 77 compiler works
configure:2796:    conftest.f  >&5
./configure: line 2798: conftest.f: command not found
configure:2800: $? = 127
configure:2838: result: no
configure: failed program was:
|       program main
| 
|       end
configure:2843: error: in `/Users/ioanavaduva/Documents/GitHub/matlab/hsl_mi20-2.0.0':
configure:2845: error: Fortran 77 compiler cannot create executables
See `config.log' for more details

## ---------------- ##
## Cache variables. ##
## ---------------- ##

ac_cv_env_CC_set=
ac_cv_env_CC_value=
ac_cv_env_CFLAGS_set=
ac_cv_env_CFLAGS_value=
ac_cv_env_CPPFLAGS_set=
ac_cv_env_CPPFLAGS_value=
ac_cv_env_F77_set=
ac_cv_env_F77_value=
ac_cv_env_FCFLAGS_set=
ac_cv_env_FCFLAGS_value=
ac_cv_env_FC_set=
ac_cv_env_FC_value=
ac_cv_env_FFLAGS_set=
ac_cv_env_FFLAGS_value=
ac_cv_env_LDFLAGS_set=
ac_cv_env_LDFLAGS_value=
ac_cv_env_LIBS_set=
ac_cv_env_LIBS_value=
ac_cv_env_build_alias_set=
ac_cv_env_build_alias_value=
ac_cv_env_host_alias_set=
ac_cv_env_host_alias_value=
ac_cv_env_target_alias_set=
ac_cv_env_target_alias_value=
ac_cv_path_install='/usr/bin/install -c'
ac_cv_prog_AWK=awk
ac_cv_prog_make_make_set=yes
am_cv_make_support_nested_variables=yes

## ----------------- ##
## Output variables. ##
## ----------------- ##

ACLOCAL='${SHELL} /Users/ioanavaduva/Documents/GitHub/matlab/hsl_mi20-2.0.0/missing aclocal-1.14'
AMDEPBACKSLASH=''
AMDEP_FALSE=''
AMDEP_TRUE=''
AMTAR='$${TAR-tar}'
AM_BACKSLASH='\'
AM_DEFAULT_V='$(AM_DEFAULT_VERBOSITY)'
AM_DEFAULT_VERBOSITY='1'
AM_V='$(V)'
AUTOCONF='${SHELL} /Users/ioanavaduva/Documents/GitHub/matlab/hsl_mi20-2.0.0/missing autoconf'
AUTOHEADER='${SHELL} /Users/ioanavaduva/Documents/GitHub/matlab/hsl_mi20-2.0.0/missing autoheader'
AUTOMAKE='${SHELL} /Users/ioanavaduva/Documents/GitHub/matlab/hsl_mi20-2.0.0/missing automake-1.14'
AWK='awk'
BLAS_LIBS=''
CC=''
CCDEPMODE=''
CFLAGS=''
CPPFLAGS=''
CYGPATH_W='echo'
DEFS=''
DEPDIR=''
ECHO_C='\c'
ECHO_N=''
ECHO_T=''
EXEEXT=''
F77=''
FC=''
FCFLAGS=''
FCLIBS=''
FFLAGS=''
FLIBS=''
INSTALL_DATA='${INSTALL} -m 644'
INSTALL_PROGRAM='${INSTALL}'
INSTALL_SCRIPT='${INSTALL}'
INSTALL_STRIP_PROGRAM='$(install_sh) -c -s'
LAPACK_LIBS=''
LDFLAGS=''
LIBOBJS=''
LIBS=''
LTLIBOBJS=''
MAKEINFO='${SHELL} /Users/ioanavaduva/Documents/GitHub/matlab/hsl_mi20-2.0.0/missing makeinfo'
MKDIR_P='./install-sh -c -d'
OBJEXT=''
PACKAGE='hsl_mi20'
PACKAGE_BUGREPORT='hsl@stfc.ac.uk'
PACKAGE_NAME='hsl_mi20'
PACKAGE_STRING='hsl_mi20 2.0.0'
PACKAGE_TARNAME='hsl_mi20'
PACKAGE_URL=''
PACKAGE_VERSION='2.0.0'
PATH_SEPARATOR=':'
RANLIB=''
SET_MAKE=''
SHELL='/bin/sh'
STRIP=''
VERSION='2.0.0'
ac_ct_CC=''
ac_ct_F77=''
ac_ct_FC=''
am__EXEEXT_FALSE=''
am__EXEEXT_TRUE=''
am__fastdepCC_FALSE=''
am__fastdepCC_TRUE=''
am__include=''
am__isrc=''
am__leading_dot='.'
am__nodep=''
am__quote=''
am__tar='$${TAR-tar} chof - "$$tardir"'
am__untar='$${TAR-tar} xf -'
bindir='${exec_prefix}/bin'
build=''
build_alias=''
build_cpu=''
build_os=''
build_vendor=''
datadir='${datarootdir}'
datarootdir='${prefix}/share'
docdir='${datarootdir}/doc/${PACKAGE_TARNAME}'
dvidir='${docdir}'
exec_prefix='NONE'
host=''
host_alias=''
host_cpu=''
host_os=''
host_vendor=''
htmldir='${docdir}'
includedir='${prefix}/include'
infodir='${datarootdir}/info'
install_sh='${SHELL} /Users/ioanavaduva/Documents/GitHub/matlab/hsl_mi20-2.0.0/install-sh'
libdir='${exec_prefix}/lib'
libexecdir='${exec_prefix}/libexec'
localedir='${datarootdir}/locale'
localstatedir='${prefix}/var'
mandir='${datarootdir}/man'
mkdir_p='$(MKDIR_P)'
oldincludedir='/usr/include'
pdfdir='${docdir}'
prefix='NONE'
program_transform_name='s,x,x,'
psdir='${docdir}'
sbindir='${exec_prefix}/sbin'
sharedstatedir='${prefix}/com'
sysconfdir='${prefix}/etc'
target_alias=''

## ----------- ##
## confdefs.h. ##
## ----------- ##

/* confdefs.h */
#define PACKAGE_NAME "hsl_mi20"
#define PACKAGE_TARNAME "hsl_mi20"
#define PACKAGE_VERSION "2.0.0"
#define PACKAGE_STRING "hsl_mi20 2.0.0"
#define PACKAGE_BUGREPORT "hsl@stfc.ac.uk"
#define PACKAGE_URL ""
#define PACKAGE "hsl_mi20"
#define VERSION "2.0.0"

configure: exit 77
